<?xml version="1.0" encoding="UTF-8"?>
<testsuite name="ImQuadraticSolverTest" tests="3" skipped="0" failures="0" errors="0" timestamp="2020-01-25T01:01:58" hostname="Videosquared1" time="0.006">
  <properties/>
  <testcase name="testCallingMainWithSafeValues" classname="ImQuadraticSolverTest" time="0.005"/>
  <testcase name="testCallingMainWithAEquals0" classname="ImQuadraticSolverTest" time="0.0"/>
  <testcase name="testCallingMainWithImaginaryRoots" classname="ImQuadraticSolverTest" time="0.0"/>
  <system-out><![CDATA[]]></system-out>
  <system-err><![CDATA[]]></system-err>
</testsuite>
