<?xml version="1.0" encoding="UTF-8"?>
<testsuite name="FactorialTest" tests="1" skipped="0" failures="0" errors="0" timestamp="2020-02-07T20:19:33" hostname="Videosquared1" time="0.001">
  <properties/>
  <testcase name="testFactorial" classname="FactorialTest" time="0.001"/>
  <system-out><![CDATA[]]></system-out>
  <system-err><![CDATA[]]></system-err>
</testsuite>
